Array
(
    [type] => 2
    [message] => Undefined variable $isInSubfolder
    [file] => D:\xampp\htdocs\Rhsolutions\mockup\pages\lms.php
    [line] => 406
)
Array
(
    [type] => 2
    [message] => Undefined variable $isInSubfolder
    [file] => D:\xampp\htdocs\Rhsolutions\mockup\pages\lms.php
    [line] => 406
)
Array
(
    [type] => 2
    [message] => Undefined variable $isInSubfolder
    [file] => D:\xampp\htdocs\Rhsolutions\mockup\pages\lms.php
    [line] => 406
)
Array
(
    [type] => 2
    [message] => Undefined variable $isInSubfolder
    [file] => D:\xampp\htdocs\Rhsolutions\mockup\pages\lms.php
    [line] => 409
)
Array
(
    [type] => 2
    [message] => Undefined variable $isInSubfolder
    [file] => D:\xampp\htdocs\Rhsolutions\mockup\pages\lms.php
    [line] => 409
)
Array
(
    [type] => 2
    [message] => Undefined variable $isInSubfolder
    [file] => D:\xampp\htdocs\Rhsolutions\mockup\pages\lms.php
    [line] => 409
)
Array
(
    [type] => 2
    [message] => Undefined variable $isInSubfolder
    [file] => D:\xampp\htdocs\Rhsolutions\mockup\pages\lms.php
    [line] => 404
)
Array
(
    [type] => 2
    [message] => Undefined variable $isInSubfolder
    [file] => D:\xampp\htdocs\Rhsolutions\mockup\pages\lms.php
    [line] => 392
)
Array
(
    [type] => 2
    [message] => Undefined variable $isInSubfolder
    [file] => D:\xampp\htdocs\Rhsolutions\mockup\pages\lms.php
    [line] => 392
)
Array
(
    [type] => 2
    [message] => Undefined variable $isInSubfolder
    [file] => D:\xampp\htdocs\Rhsolutions\mockup\pages\lms.php
    [line] => 337
)
Array
(
    [type] => 2
    [message] => Undefined variable $isInSubfolder
    [file] => D:\xampp\htdocs\Rhsolutions\mockup\pages\lms.php
    [line] => 337
)
Array
(
    [type] => 2
    [message] => Undefined variable $isInSubfolder
    [file] => D:\xampp\htdocs\Rhsolutions\mockup\pages\lms.php
    [line] => 337
)
Array
(
    [type] => 2
    [message] => Undefined variable $isInSubfolder
    [file] => D:\xampp\htdocs\Rhsolutions\mockup\pages\lms.php
    [line] => 337
)
Array
(
    [type] => 2
    [message] => Undefined variable $isInSubfolder
    [file] => D:\xampp\htdocs\Rhsolutions\mockup\pages\lms.php
    [line] => 337
)
Array
(
    [type] => 2
    [message] => Undefined variable $isInSubfolder
    [file] => D:\xampp\htdocs\Rhsolutions\mockup\pages\lms.php
    [line] => 337
)
Array
(
    [type] => 2
    [message] => Undefined variable $isInSubfolder
    [file] => D:\xampp\htdocs\Rhsolutions\mockup\pages\lms.php
    [line] => 337
)
Array
(
    [type] => 2
    [message] => Undefined variable $isInSubfolder
    [file] => D:\xampp\htdocs\Rhsolutions\mockup\pages\lms.php
    [line] => 337
)
Array
(
    [type] => 2
    [message] => Undefined variable $isInSubfolder
    [file] => D:\xampp\htdocs\Rhsolutions\mockup\pages\lms.php
    [line] => 337
)
Array
(
    [type] => 2
    [message] => Undefined variable $isInSubfolder
    [file] => D:\xampp\htdocs\Rhsolutions\mockup\pages\lms.php
    [line] => 337
)
Array
(
    [type] => 2
    [message] => Undefined variable $isInSubfolder
    [file] => D:\xampp\htdocs\Rhsolutions\mockup\pages\lms.php
    [line] => 337
)
Array
(
    [type] => 2
    [message] => Undefined variable $isInSubfolder
    [file] => D:\xampp\htdocs\Rhsolutions\mockup\pages\lms.php
    [line] => 337
)
Array
(
    [type] => 2
    [message] => Undefined variable $isInSubfolder
    [file] => D:\xampp\htdocs\Rhsolutions\mockup\pages\lms.php
    [line] => 337
)
Array
(
    [type] => 2
    [message] => Undefined variable $isInSubfolder
    [file] => D:\xampp\htdocs\Rhsolutions\mockup\pages\lms.php
    [line] => 337
)
Array
(
    [type] => 2
    [message] => Undefined variable $isInSubfolder
    [file] => D:\xampp\htdocs\Rhsolutions\mockup\pages\lms.php
    [line] => 337
)
Array
(
    [type] => 2
    [message] => Undefined variable $isInSubfolder
    [file] => D:\xampp\htdocs\Rhsolutions\mockup\pages\lms.php
    [line] => 337
)
Array
(
    [type] => 2
    [message] => Undefined variable $isInSubfolder
    [file] => D:\xampp\htdocs\Rhsolutions\mockup\pages\lms.php
    [line] => 340
)
Array
(
    [type] => 2
    [message] => Undefined variable $isInSubfolder
    [file] => D:\xampp\htdocs\Rhsolutions\mockup\pages\lms.php
    [line] => 340
)
Array
(
    [type] => 2
    [message] => Undefined variable $isInSubfolder
    [file] => D:\xampp\htdocs\Rhsolutions\mockup\pages\lms.php
    [line] => 340
)
Array
(
    [type] => 2
    [message] => Undefined variable $isInSubfolder
    [file] => D:\xampp\htdocs\Rhsolutions\mockup\pages\lms.php
    [line] => 340
)
Array
(
    [type] => 2
    [message] => Undefined variable $isInSubfolder
    [file] => D:\xampp\htdocs\Rhsolutions\mockup\pages\lms.php
    [line] => 340
)
Array
(
    [type] => 2
    [message] => Undefined variable $isInSubfolder
    [file] => D:\xampp\htdocs\Rhsolutions\mockup\pages\lms.php
    [line] => 353
)
Array
(
    [type] => 2
    [message] => Undefined variable $isInSubfolder
    [file] => D:\xampp\htdocs\Rhsolutions\mockup\pages\lms.php
    [line] => 353
)
Array
(
    [type] => 2
    [message] => Undefined variable $isInSubfolder
    [file] => D:\xampp\htdocs\Rhsolutions\mockup\pages\lms.php
    [line] => 353
)
Array
(
    [type] => 2
    [message] => Undefined variable $isInSubfolder
    [file] => D:\xampp\htdocs\Rhsolutions\mockup\pages\lms.php
    [line] => 353
)
